INFO: [VRFC 10-163] Analyzing VHDL file "C:/FPGAPrj/VIVADO/PIPELINE/PIPELINE.srcs/sources_1/imports/PIPELINE/pos_et_d_ff.vhd" into library xil_defaultlib
INFO: [VRFC 10-307] analyzing entity pos_et_d_ff
INFO: [VRFC 10-163] Analyzing VHDL file "C:/FPGAPrj/VIVADO/PIPELINE/PIPELINE.srcs/sources_1/imports/PIPELINE/ha.vhd" into library xil_defaultlib
INFO: [VRFC 10-307] analyzing entity ha
INFO: [VRFC 10-163] Analyzing VHDL file "C:/FPGAPrj/VIVADO/PIPELINE/PIPELINE.srcs/sources_1/imports/PIPELINE/reg_pos_et_d_ff.vhd" into library xil_defaultlib
INFO: [VRFC 10-307] analyzing entity reg_pos_et_d_ff
INFO: [VRFC 10-163] Analyzing VHDL file "C:/FPGAPrj/VIVADO/PIPELINE/PIPELINE.srcs/sources_1/imports/PIPELINE/r_d_counter_16.vhd" into library xil_defaultlib
INFO: [VRFC 10-307] analyzing entity rw_d_counter_16
INFO: [VRFC 10-163] Analyzing VHDL file "C:/FPGAPrj/VIVADO/PIPELINE/PIPELINE.srcs/sources_1/imports/PIPELINE/rw_counter.vhd" into library xil_defaultlib
INFO: [VRFC 10-307] analyzing entity rw_counter
INFO: [VRFC 10-163] Analyzing VHDL file "C:/FPGAPrj/VIVADO/PIPELINE/PIPELINE.srcs/sources_1/imports/PIPELINE/Byte.vhd" into library xil_defaultlib
INFO: [VRFC 10-307] analyzing entity Byte
INFO: [VRFC 10-163] Analyzing VHDL file "C:/FPGAPrj/VIVADO/PIPELINE/PIPELINE.srcs/sources_1/imports/PIPELINE/ctl_sig.vhd" into library xil_defaultlib
INFO: [VRFC 10-307] analyzing entity ctl_sig
INFO: [VRFC 10-163] Analyzing VHDL file "C:/FPGAPrj/VIVADO/PIPELINE/PIPELINE.srcs/sources_1/imports/PIPELINE/sp_reg.vhd" into library xil_defaultlib
INFO: [VRFC 10-307] analyzing entity sp_reg
INFO: [VRFC 10-163] Analyzing VHDL file "C:/FPGAPrj/VIVADO/PIPELINE/PIPELINE.srcs/sources_1/imports/PIPELINE/op_decoder.vhd" into library xil_defaultlib
INFO: [VRFC 10-307] analyzing entity op_decoder
INFO: [VRFC 10-163] Analyzing VHDL file "C:/FPGAPrj/VIVADO/PIPELINE/PIPELINE.srcs/sources_1/imports/PIPELINE/rw_counter_16.vhd" into library xil_defaultlib
INFO: [VRFC 10-307] analyzing entity rw_counter_16
INFO: [VRFC 10-163] Analyzing VHDL file "C:/FPGAPrj/VIVADO/PIPELINE/PIPELINE.srcs/sources_1/imports/PIPELINE/reg_16.vhd" into library xil_defaultlib
INFO: [VRFC 10-307] analyzing entity reg_16
INFO: [VRFC 10-163] Analyzing VHDL file "C:/FPGAPrj/VIVADO/PIPELINE/PIPELINE.srcs/sources_1/imports/PIPELINE/controller.vhd" into library xil_defaultlib
INFO: [VRFC 10-307] analyzing entity controller
INFO: [VRFC 10-163] Analyzing VHDL file "C:/FPGAPrj/VIVADO/PIPELINE/PIPELINE.srcs/sources_1/imports/PIPELINE/VM.vhd" into library xil_defaultlib
INFO: [VRFC 10-307] analyzing entity VM
INFO: [VRFC 10-163] Analyzing VHDL file "C:/FPGAPrj/VIVADO/PIPELINE/PIPELINE.srcs/sources_1/imports/PIPELINE/MEMORY.vhd" into library xil_defaultlib
INFO: [VRFC 10-307] analyzing entity MEMORY
INFO: [VRFC 10-163] Analyzing VHDL file "C:/FPGAPrj/VIVADO/PIPELINE/PIPELINE.srcs/sources_1/imports/PIPELINE/MEMORY_8.vhd" into library xil_defaultlib
INFO: [VRFC 10-307] analyzing entity MEMORY_8
INFO: [VRFC 10-163] Analyzing VHDL file "C:/FPGAPrj/VIVADO/PIPELINE/PIPELINE.srcs/sources_1/imports/PIPELINE/PIPELINE.vhd" into library xil_defaultlib
INFO: [VRFC 10-307] analyzing entity PIPELINE
