
*** Running vivado
    with args -log PIPELINE.vds -m64 -mode batch -messageDb vivado.pb -notrace -source PIPELINE.tcl


****** Vivado v2015.3 (64-bit)
  **** SW Build 1368829 on Mon Sep 28 20:06:43 MDT 2015
  **** IP Build 1367837 on Mon Sep 28 08:56:14 MDT 2015
    ** Copyright 1986-2015 Xilinx, Inc. All Rights Reserved.

source PIPELINE.tcl -notrace
Command: synth_design -top PIPELINE -part xc7z010clg400-1
Starting synth_design
Attempting to get a license for feature 'Synthesis' and/or device 'xc7z010'
INFO: [Common 17-349] Got license for feature 'Synthesis' and/or device 'xc7z010'
---------------------------------------------------------------------------------
Starting RTL Elaboration : Time (s): cpu = 00:00:06 ; elapsed = 00:00:08 . Memory (MB): peak = 260.145 ; gain = 89.410
---------------------------------------------------------------------------------
ERROR: [Synth 8-1031] mem_d_stk_in is not declared [C:/FPGAPrj/VIVADO/PIPELINE/PIPELINE.srcs/sources_1/imports/PIPELINE/PIPELINE.vhd:61]
ERROR: [Synth 8-1031] mem_d_stk_in is not declared [C:/FPGAPrj/VIVADO/PIPELINE/PIPELINE.srcs/sources_1/imports/PIPELINE/PIPELINE.vhd:64]
ERROR: [Synth 8-1568] actual of formal inout port data cannot be an expression [C:/FPGAPrj/VIVADO/PIPELINE/PIPELINE.srcs/sources_1/imports/PIPELINE/PIPELINE.vhd:64]
INFO: [Synth 8-2810] unit behavioral ignored due to previous errors [C:/FPGAPrj/VIVADO/PIPELINE/PIPELINE.srcs/sources_1/imports/PIPELINE/PIPELINE.vhd:9]
---------------------------------------------------------------------------------
Finished RTL Elaboration : Time (s): cpu = 00:00:07 ; elapsed = 00:00:09 . Memory (MB): peak = 296.406 ; gain = 125.672
---------------------------------------------------------------------------------
RTL Elaboration failed
INFO: [Common 17-83] Releasing license: Synthesis
3 Infos, 0 Warnings, 0 Critical Warnings and 4 Errors encountered.
synth_design failed
ERROR: [Common 17-69] Command failed: Synthesis failed - please see the console or run log file for details
INFO: [Common 17-206] Exiting Vivado at Thu Feb 18 17:50:43 2016...
